mei 16, 2018 2:39:31 PM org.apache.catalina.core.ApplicationContext log
INFO: ContextListener: contextInitialized()
mei 16, 2018 2:39:31 PM org.apache.catalina.core.ApplicationContext log
INFO: SessionListener: contextInitialized()
mei 16, 2018 2:39:31 PM org.apache.catalina.core.ApplicationContext log
INFO: ContextListener: attributeAdded('org.apache.jasper.compiler.TldLocationsCache', 'org.apache.jasper.compiler.TldLocationsCache@5327bf68')
mei 16, 2018 2:40:07 PM org.apache.catalina.core.ApplicationContext log
SEVERE: StandardWrapper.Throwable
java.lang.NullPointerException
	at nato.ivct.commander.CmdListBadges.execute(CmdListBadges.java:64)
	at de.fraunhofer.iosb.testrunner.JMSTestRunner.<init>(JMSTestRunner.java:93)
	at de.fraunhofer.iosb.tc.TcRunner.init(TcRunner.java:62)
	at org.apache.catalina.core.StandardWrapper.initServlet(StandardWrapper.java:1269)
	at org.apache.catalina.core.StandardWrapper.loadServlet(StandardWrapper.java:1182)
	at org.apache.catalina.core.StandardWrapper.load(StandardWrapper.java:1072)
	at org.apache.catalina.core.StandardContext.loadOnStartup(StandardContext.java:5368)
	at org.apache.catalina.core.StandardContext.startInternal(StandardContext.java:5660)
	at org.apache.catalina.util.LifecycleBase.start(LifecycleBase.java:145)
	at org.apache.catalina.core.ContainerBase.addChildInternal(ContainerBase.java:899)
	at org.apache.catalina.core.ContainerBase.addChild(ContainerBase.java:875)
	at org.apache.catalina.core.StandardHost.addChild(StandardHost.java:652)
	at org.apache.catalina.startup.HostConfig.deployDirectory(HostConfig.java:1260)
	at org.apache.catalina.startup.HostConfig$DeployDirectory.run(HostConfig.java:2002)
	at java.util.concurrent.Executors$RunnableAdapter.call(Executors.java:511)
	at java.util.concurrent.FutureTask.run(FutureTask.java:266)
	at java.util.concurrent.ThreadPoolExecutor.runWorker(ThreadPoolExecutor.java:1142)
	at java.util.concurrent.ThreadPoolExecutor$Worker.run(ThreadPoolExecutor.java:617)
	at java.lang.Thread.run(Thread.java:745)

mei 16, 2018 2:40:07 PM org.apache.catalina.core.StandardContext loadOnStartup
SEVERE: Servlet [TcRunner] in web application [/TC.webApp-1.0.0] threw load() exception
java.lang.NullPointerException
	at nato.ivct.commander.CmdListBadges.execute(CmdListBadges.java:64)
	at de.fraunhofer.iosb.testrunner.JMSTestRunner.<init>(JMSTestRunner.java:93)
	at de.fraunhofer.iosb.tc.TcRunner.init(TcRunner.java:62)
	at org.apache.catalina.core.StandardWrapper.initServlet(StandardWrapper.java:1269)
	at org.apache.catalina.core.StandardWrapper.loadServlet(StandardWrapper.java:1182)
	at org.apache.catalina.core.StandardWrapper.load(StandardWrapper.java:1072)
	at org.apache.catalina.core.StandardContext.loadOnStartup(StandardContext.java:5368)
	at org.apache.catalina.core.StandardContext.startInternal(StandardContext.java:5660)
	at org.apache.catalina.util.LifecycleBase.start(LifecycleBase.java:145)
	at org.apache.catalina.core.ContainerBase.addChildInternal(ContainerBase.java:899)
	at org.apache.catalina.core.ContainerBase.addChild(ContainerBase.java:875)
	at org.apache.catalina.core.StandardHost.addChild(StandardHost.java:652)
	at org.apache.catalina.startup.HostConfig.deployDirectory(HostConfig.java:1260)
	at org.apache.catalina.startup.HostConfig$DeployDirectory.run(HostConfig.java:2002)
	at java.util.concurrent.Executors$RunnableAdapter.call(Executors.java:511)
	at java.util.concurrent.FutureTask.run(FutureTask.java:266)
	at java.util.concurrent.ThreadPoolExecutor.runWorker(ThreadPoolExecutor.java:1142)
	at java.util.concurrent.ThreadPoolExecutor$Worker.run(ThreadPoolExecutor.java:617)
	at java.lang.Thread.run(Thread.java:745)

mei 16, 2018 3:16:47 PM org.apache.catalina.core.ApplicationContext log
INFO: ContextListener: contextInitialized()
mei 16, 2018 3:16:47 PM org.apache.catalina.core.ApplicationContext log
INFO: SessionListener: contextInitialized()
mei 16, 2018 3:16:47 PM org.apache.catalina.core.ApplicationContext log
INFO: ContextListener: attributeAdded('org.apache.jasper.compiler.TldLocationsCache', 'org.apache.jasper.compiler.TldLocationsCache@584506b')
mei 16, 2018 3:17:12 PM org.apache.catalina.core.ApplicationContext log
SEVERE: StandardWrapper.Throwable
java.lang.NullPointerException
	at nato.ivct.commander.CmdListBadges.execute(CmdListBadges.java:64)
	at de.fraunhofer.iosb.testrunner.JMSTestRunner.<init>(JMSTestRunner.java:93)
	at de.fraunhofer.iosb.tc.TcRunner.init(TcRunner.java:62)
	at org.apache.catalina.core.StandardWrapper.initServlet(StandardWrapper.java:1269)
	at org.apache.catalina.core.StandardWrapper.loadServlet(StandardWrapper.java:1182)
	at org.apache.catalina.core.StandardWrapper.load(StandardWrapper.java:1072)
	at org.apache.catalina.core.StandardContext.loadOnStartup(StandardContext.java:5368)
	at org.apache.catalina.core.StandardContext.startInternal(StandardContext.java:5660)
	at org.apache.catalina.util.LifecycleBase.start(LifecycleBase.java:145)
	at org.apache.catalina.core.ContainerBase.addChildInternal(ContainerBase.java:899)
	at org.apache.catalina.core.ContainerBase.addChild(ContainerBase.java:875)
	at org.apache.catalina.core.StandardHost.addChild(StandardHost.java:652)
	at org.apache.catalina.startup.HostConfig.deployDirectory(HostConfig.java:1260)
	at org.apache.catalina.startup.HostConfig$DeployDirectory.run(HostConfig.java:2002)
	at java.util.concurrent.Executors$RunnableAdapter.call(Executors.java:511)
	at java.util.concurrent.FutureTask.run(FutureTask.java:266)
	at java.util.concurrent.ThreadPoolExecutor.runWorker(ThreadPoolExecutor.java:1142)
	at java.util.concurrent.ThreadPoolExecutor$Worker.run(ThreadPoolExecutor.java:617)
	at java.lang.Thread.run(Thread.java:745)

mei 16, 2018 3:17:12 PM org.apache.catalina.core.StandardContext loadOnStartup
SEVERE: Servlet [TcRunner] in web application [/TC.webApp-1.0.0] threw load() exception
java.lang.NullPointerException
	at nato.ivct.commander.CmdListBadges.execute(CmdListBadges.java:64)
	at de.fraunhofer.iosb.testrunner.JMSTestRunner.<init>(JMSTestRunner.java:93)
	at de.fraunhofer.iosb.tc.TcRunner.init(TcRunner.java:62)
	at org.apache.catalina.core.StandardWrapper.initServlet(StandardWrapper.java:1269)
	at org.apache.catalina.core.StandardWrapper.loadServlet(StandardWrapper.java:1182)
	at org.apache.catalina.core.StandardWrapper.load(StandardWrapper.java:1072)
	at org.apache.catalina.core.StandardContext.loadOnStartup(StandardContext.java:5368)
	at org.apache.catalina.core.StandardContext.startInternal(StandardContext.java:5660)
	at org.apache.catalina.util.LifecycleBase.start(LifecycleBase.java:145)
	at org.apache.catalina.core.ContainerBase.addChildInternal(ContainerBase.java:899)
	at org.apache.catalina.core.ContainerBase.addChild(ContainerBase.java:875)
	at org.apache.catalina.core.StandardHost.addChild(StandardHost.java:652)
	at org.apache.catalina.startup.HostConfig.deployDirectory(HostConfig.java:1260)
	at org.apache.catalina.startup.HostConfig$DeployDirectory.run(HostConfig.java:2002)
	at java.util.concurrent.Executors$RunnableAdapter.call(Executors.java:511)
	at java.util.concurrent.FutureTask.run(FutureTask.java:266)
	at java.util.concurrent.ThreadPoolExecutor.runWorker(ThreadPoolExecutor.java:1142)
	at java.util.concurrent.ThreadPoolExecutor$Worker.run(ThreadPoolExecutor.java:617)
	at java.lang.Thread.run(Thread.java:745)

mei 16, 2018 3:18:16 PM org.apache.catalina.core.ApplicationContext log
INFO: SessionListener: contextDestroyed()
mei 16, 2018 3:18:16 PM org.apache.catalina.core.ApplicationContext log
INFO: ContextListener: contextDestroyed()
mei 16, 2018 3:18:26 PM org.apache.catalina.core.ApplicationContext log
INFO: ContextListener: contextInitialized()
mei 16, 2018 3:18:26 PM org.apache.catalina.core.ApplicationContext log
INFO: SessionListener: contextInitialized()
mei 16, 2018 3:18:26 PM org.apache.catalina.core.ApplicationContext log
INFO: ContextListener: attributeAdded('org.apache.jasper.compiler.TldLocationsCache', 'org.apache.jasper.compiler.TldLocationsCache@491c4aa')
mei 16, 2018 3:18:36 PM org.apache.catalina.core.ApplicationContext log
INFO: ContextListener: contextInitialized()
mei 16, 2018 3:18:36 PM org.apache.catalina.core.ApplicationContext log
INFO: SessionListener: contextInitialized()
mei 16, 2018 3:18:36 PM org.apache.catalina.core.ApplicationContext log
INFO: ContextListener: attributeAdded('org.apache.jasper.compiler.TldLocationsCache', 'org.apache.jasper.compiler.TldLocationsCache@584506b')
mei 16, 2018 3:19:01 PM org.apache.catalina.core.ApplicationContext log
SEVERE: StandardWrapper.Throwable
java.lang.NullPointerException
	at nato.ivct.commander.CmdListBadges.execute(CmdListBadges.java:64)
	at de.fraunhofer.iosb.testrunner.JMSTestRunner.<init>(JMSTestRunner.java:93)
	at de.fraunhofer.iosb.tc.TcRunner.init(TcRunner.java:62)
	at org.apache.catalina.core.StandardWrapper.initServlet(StandardWrapper.java:1269)
	at org.apache.catalina.core.StandardWrapper.loadServlet(StandardWrapper.java:1182)
	at org.apache.catalina.core.StandardWrapper.load(StandardWrapper.java:1072)
	at org.apache.catalina.core.StandardContext.loadOnStartup(StandardContext.java:5368)
	at org.apache.catalina.core.StandardContext.startInternal(StandardContext.java:5660)
	at org.apache.catalina.util.LifecycleBase.start(LifecycleBase.java:145)
	at org.apache.catalina.core.ContainerBase.addChildInternal(ContainerBase.java:899)
	at org.apache.catalina.core.ContainerBase.addChild(ContainerBase.java:875)
	at org.apache.catalina.core.StandardHost.addChild(StandardHost.java:652)
	at org.apache.catalina.startup.HostConfig.deployDirectory(HostConfig.java:1260)
	at org.apache.catalina.startup.HostConfig$DeployDirectory.run(HostConfig.java:2002)
	at java.util.concurrent.Executors$RunnableAdapter.call(Executors.java:511)
	at java.util.concurrent.FutureTask.run(FutureTask.java:266)
	at java.util.concurrent.ThreadPoolExecutor.runWorker(ThreadPoolExecutor.java:1142)
	at java.util.concurrent.ThreadPoolExecutor$Worker.run(ThreadPoolExecutor.java:617)
	at java.lang.Thread.run(Thread.java:745)

mei 16, 2018 3:19:01 PM org.apache.catalina.core.StandardContext loadOnStartup
SEVERE: Servlet [TcRunner] in web application [/TC.webApp-1.0.0] threw load() exception
java.lang.NullPointerException
	at nato.ivct.commander.CmdListBadges.execute(CmdListBadges.java:64)
	at de.fraunhofer.iosb.testrunner.JMSTestRunner.<init>(JMSTestRunner.java:93)
	at de.fraunhofer.iosb.tc.TcRunner.init(TcRunner.java:62)
	at org.apache.catalina.core.StandardWrapper.initServlet(StandardWrapper.java:1269)
	at org.apache.catalina.core.StandardWrapper.loadServlet(StandardWrapper.java:1182)
	at org.apache.catalina.core.StandardWrapper.load(StandardWrapper.java:1072)
	at org.apache.catalina.core.StandardContext.loadOnStartup(StandardContext.java:5368)
	at org.apache.catalina.core.StandardContext.startInternal(StandardContext.java:5660)
	at org.apache.catalina.util.LifecycleBase.start(LifecycleBase.java:145)
	at org.apache.catalina.core.ContainerBase.addChildInternal(ContainerBase.java:899)
	at org.apache.catalina.core.ContainerBase.addChild(ContainerBase.java:875)
	at org.apache.catalina.core.StandardHost.addChild(StandardHost.java:652)
	at org.apache.catalina.startup.HostConfig.deployDirectory(HostConfig.java:1260)
	at org.apache.catalina.startup.HostConfig$DeployDirectory.run(HostConfig.java:2002)
	at java.util.concurrent.Executors$RunnableAdapter.call(Executors.java:511)
	at java.util.concurrent.FutureTask.run(FutureTask.java:266)
	at java.util.concurrent.ThreadPoolExecutor.runWorker(ThreadPoolExecutor.java:1142)
	at java.util.concurrent.ThreadPoolExecutor$Worker.run(ThreadPoolExecutor.java:617)
	at java.lang.Thread.run(Thread.java:745)

mei 16, 2018 3:22:36 PM org.apache.catalina.core.ApplicationContext log
INFO: SessionListener: contextDestroyed()
mei 16, 2018 3:22:36 PM org.apache.catalina.core.ApplicationContext log
INFO: ContextListener: contextDestroyed()
