2018-05-16 14:39:41,719 INFO  [Thread-5] org.eclipse.scout.rt.platform.config.PropertiesHelper - Reading properties from file:/C:/Users/hameetepa/Projects/IVCT-AAS/IVCT_Runtime/apache-tomcat-7.0.78/webapps/nato.ivct.gui.nato.ivct.gui.ui.html/WEB-INF/classes/config.properties using org.eclipse.scout.rt.platform.config.DefaultConfigFileLoader - MDC[]
2018-05-16 14:39:41,740 INFO  [Thread-5] org.eclipse.scout.rt.platform.internal.PlatformImplementor - Headless mode: scout.headless=true, java.awt.headless=true, GraphicsEnvironment.isHeadless()=true - MDC[]
2018-05-16 14:39:41,763 INFO  [Thread-5] org.eclipse.scout.rt.platform.inventory.ClassInventory - Building jandex class inventory using rebuild strategy IF_MISSING... - MDC[]
2018-05-16 14:39:41,895 INFO  [Thread-5] org.eclipse.scout.rt.platform.inventory.ClassInventory - Finished building jandex class inventory in 148.936623 ms. Total class count: 3845 - MDC[]
2018-05-16 14:39:42,280 INFO  [Thread-5] org.eclipse.scout.rt.platform.internal.PlatformImplementor - Collected 251 beans in 383.198200 ms - MDC[]
2018-05-16 14:39:42,308 INFO  [Thread-5] org.eclipse.scout.rt.platform.internal.PlatformImplementor - Registered 251 beans in 27.832670 ms - MDC[]
2018-05-16 14:39:42,322 INFO  [Thread-5] org.eclipse.scout.rt.platform.logger.LoggerPlatformListener - Registered logger support org.eclipse.scout.rt.platform.logger.LogbackLoggerSupport - MDC[]
2018-05-16 14:39:42,333 INFO  [Thread-5] org.eclipse.scout.rt.shared.services.common.code.CodeTypeRegistrator - 2 code type classes registered. - MDC[]
2018-05-16 14:39:42,351 INFO  [Thread-5] org.eclipse.scout.rt.shared.servicetunnel.RegisterTunnelToServerPlatformListener - Tunnel to server proxies registered. - MDC[]
2018-05-16 14:39:42,526 INFO  [Thread-5] org.eclipse.scout.rt.ui.html.res.PrebuildFiles - Pre-building of web resources is enabled - MDC[]
2018-05-16 14:39:42,527 INFO  [Thread-5] org.eclipse.scout.rt.ui.html.res.PrebuildFiles - Pre-building resource '/index.html'... - MDC[]
2018-05-16 14:39:42,528 INFO  [Thread-5] org.eclipse.scout.rt.ui.html.UiThemeUtility - UI theme configured in config.properties: application - MDC[]
2018-05-16 14:39:42,592 INFO  [Thread-5] org.eclipse.scout.rt.ui.html.script.ScriptFileBuilder - Building script ScriptSource[requestPath=res/nato.ivct.gui-all-macro.less, url=jar:file:/C:/Users/hameetepa/Projects/IVCT-AAS/IVCT_Runtime/apache-tomcat-7.0.78/webapps/nato.ivct.gui.nato.ivct.gui.ui.html/WEB-INF/lib/nato.ivct.gui.ui.html-1.0.0-SNAPSHOT.jar!/WebContent/res/nato.ivct.gui-all-macro.less, fileType=STYLESHEET, nodeType=MACRO] theme=application m_minify=true - MDC[]
2018-05-16 14:39:53,868 INFO  [Thread-5] org.eclipse.scout.rt.ui.html.script.ScriptFileBuilder - Building script ScriptSource[requestPath=res/jquery-all-macro.js, url=jar:file:/C:/Users/hameetepa/Projects/IVCT-AAS/IVCT_Runtime/apache-tomcat-7.0.78/webapps/nato.ivct.gui.nato.ivct.gui.ui.html/WEB-INF/lib/org.eclipse.scout.rt.ui.html-7.0.100.017_Oxygen_1.jar!/WebContent/res/jquery-all-macro.js, fileType=JS, nodeType=MACRO] theme=application m_minify=true - MDC[]
2018-05-16 14:39:54,375 INFO  [Thread-5] org.eclipse.scout.rt.ui.html.script.ScriptFileBuilder - Building script ScriptSource[requestPath=res/nato.ivct.gui-all-macro.js, url=jar:file:/C:/Users/hameetepa/Projects/IVCT-AAS/IVCT_Runtime/apache-tomcat-7.0.78/webapps/nato.ivct.gui.nato.ivct.gui.ui.html/WEB-INF/lib/nato.ivct.gui.ui.html-1.0.0-SNAPSHOT.jar!/WebContent/res/nato.ivct.gui-all-macro.js, fileType=JS, nodeType=MACRO] theme=application m_minify=true - MDC[]
2018-05-16 14:40:01,513 INFO  [Thread-5] org.eclipse.scout.rt.ui.html.script.ScriptFileBuilder - Building script ScriptSource[requestPath=res/index.js, url=jar:file:/C:/Users/hameetepa/Projects/IVCT-AAS/IVCT_Runtime/apache-tomcat-7.0.78/webapps/nato.ivct.gui.nato.ivct.gui.ui.html/WEB-INF/lib/nato.ivct.gui.ui.html-1.0.0-SNAPSHOT.jar!/WebContent/res/index.js, fileType=JS, nodeType=LIBRARY] theme=application m_minify=true - MDC[]
2018-05-16 14:40:01,520 INFO  [Thread-5] org.eclipse.scout.rt.ui.html.res.PrebuildFiles - Pre-building resource '/login.html'... - MDC[]
2018-05-16 14:40:01,523 INFO  [Thread-5] org.eclipse.scout.rt.ui.html.script.ScriptFileBuilder - Building script ScriptSource[requestPath=res/scout-login-module.less, url=jar:file:/C:/Users/hameetepa/Projects/IVCT-AAS/IVCT_Runtime/apache-tomcat-7.0.78/webapps/nato.ivct.gui.nato.ivct.gui.ui.html/WEB-INF/lib/org.eclipse.scout.rt.ui.html-7.0.100.017_Oxygen_1.jar!/scout-login-module.less, fileType=STYLESHEET, nodeType=SRC_MODULE] theme=application m_minify=true - MDC[]
2018-05-16 14:40:02,918 INFO  [Thread-5] org.eclipse.scout.rt.ui.html.script.ScriptFileBuilder - Building script ScriptSource[requestPath=res/scout-login-module.js, url=jar:file:/C:/Users/hameetepa/Projects/IVCT-AAS/IVCT_Runtime/apache-tomcat-7.0.78/webapps/nato.ivct.gui.nato.ivct.gui.ui.html/WEB-INF/lib/org.eclipse.scout.rt.ui.html-7.0.100.017_Oxygen_1.jar!/scout-login-module.js, fileType=JS, nodeType=SRC_MODULE] theme=application m_minify=true - MDC[]
2018-05-16 14:40:03,156 INFO  [Thread-5] org.eclipse.scout.rt.ui.html.script.ScriptFileBuilder - Building script ScriptSource[requestPath=res/login.js, url=jar:file:/C:/Users/hameetepa/Projects/IVCT-AAS/IVCT_Runtime/apache-tomcat-7.0.78/webapps/nato.ivct.gui.nato.ivct.gui.ui.html/WEB-INF/lib/nato.ivct.gui.ui.html-1.0.0-SNAPSHOT.jar!/WebContent/res/login.js, fileType=JS, nodeType=LIBRARY] theme=application m_minify=true - MDC[]
2018-05-16 14:40:03,158 INFO  [Thread-5] org.eclipse.scout.rt.ui.html.res.PrebuildFiles - Pre-building resource '/logout.html'... - MDC[]
2018-05-16 14:40:03,164 INFO  [Thread-5] org.eclipse.scout.rt.ui.html.script.ScriptFileBuilder - Building script ScriptSource[requestPath=res/logout.js, url=jar:file:/C:/Users/hameetepa/Projects/IVCT-AAS/IVCT_Runtime/apache-tomcat-7.0.78/webapps/nato.ivct.gui.nato.ivct.gui.ui.html/WEB-INF/lib/nato.ivct.gui.ui.html-1.0.0-SNAPSHOT.jar!/WebContent/res/logout.js, fileType=JS, nodeType=LIBRARY] theme=application m_minify=true - MDC[]
2018-05-16 14:40:03,166 INFO  [Thread-5] org.eclipse.scout.rt.ui.html.res.PrebuildFiles - Pre-building resource '/popup-window.html'... - MDC[]
2018-05-16 14:40:03,171 INFO  [Thread-5] org.eclipse.scout.rt.ui.html.script.ScriptFileBuilder - Building script ScriptSource[requestPath=res/popup-window.js, url=jar:file:/C:/Users/hameetepa/Projects/IVCT-AAS/IVCT_Runtime/apache-tomcat-7.0.78/webapps/nato.ivct.gui.nato.ivct.gui.ui.html/WEB-INF/lib/nato.ivct.gui.ui.html-1.0.0-SNAPSHOT.jar!/WebContent/res/popup-window.js, fileType=JS, nodeType=LIBRARY] theme=application m_minify=true - MDC[]
2018-05-16 14:40:03,173 INFO  [Thread-5] org.eclipse.scout.rt.ui.html.res.PrebuildFiles - Finished pre-building of 4 web resources in 20646.535460 ms - MDC[]
2018-05-16 14:42:09,125 INFO  [scout-model-thread-23] org.eclipse.scout.rt.client.AbstractClientSession - Client session started [session=nato.ivct.gui.client.ClientSession@75d9f7d9[id = 18e9d1d9-7014-45fb-b499-09df25c93290], user=admin] - MDC[principal=admin, jobName=Starting ClientSession [sessionId=18e9d1d9-7014-45fb-b499-09df25c93290], cid=yY7eH3dM9Sk/1]
2018-05-16 14:42:09,126 INFO  [http-bio-8080-exec-2] org.eclipse.scout.rt.ui.html.UiSession - Created new client session [clientSessionId=18e9d1d9-7014-45fb-b499-09df25c93290, userAgent=HTML|DESKTOP|CHROME|WINDOWS|Mozilla/5.0 (Windows NT 10.0; Win64; x64) AppleWebKit/537.36 (KHTML, like Gecko) Chrome/66.0.3359.139 Safari/537.36] - MDC[principal=admin, cid=yY7eH3dM9Sk/1]
2018-05-16 14:42:09,174 INFO  [scout-model-thread-23] org.eclipse.scout.rt.ui.html.json.MainJsonObjectFactory - Using following object factories: [org.eclipse.scout.rt.ui.html.JsonObjectFactory@39b6364c] - MDC[principal=admin, scoutSession=18e9d1d9-7014-45fb-b499-09df25c93290, jobName=Starting JsonClientSession, cid=yY7eH3dM9Sk/1]
2018-05-16 14:42:09,264 INFO  [http-bio-8080-exec-2] org.eclipse.scout.rt.ui.html.UiSession - UiSession with ID 1:g5s6fp35kmherm1eiehkc8tlqd initialized - MDC[principal=admin, cid=yY7eH3dM9Sk/1]
2018-05-16 14:42:09,264 INFO  [http-bio-8080-exec-2] org.eclipse.scout.rt.ui.html.json.JsonMessageRequestHandler - Created new UI session with ID 1:g5s6fp35kmherm1eiehkc8tlqd in 1392.569719 ms [maxIdleTime=14400s, httpSession.maxInactiveInterval=300s] - MDC[principal=admin, cid=yY7eH3dM9Sk/1]
2018-05-16 14:42:10,869 ERROR [scout-model-thread-23] org.eclipse.scout.rt.platform.exception.ExceptionHandler -  - MDC[principal=admin, uiSession=1:g5s6fp35kmherm1eiehkc8tlqd, scoutSession=18e9d1d9-7014-45fb-b499-09df25c93290, jobName=Processing JSON request, cid=tQ3Ca5MN4Ry/3]
org.eclipse.scout.rt.platform.exception.ProcessingException: Processing error [severity=ERROR, user=admin, remote-service.name=nato.ivct.gui.shared.sut.ISuTService, remote-service.operation=getSuTTableData]
	at org.eclipse.scout.rt.shared.servicetunnel.AbstractServiceTunnel.invokeService(AbstractServiceTunnel.java:66)
	at org.eclipse.scout.rt.shared.servicetunnel.AbstractServiceTunnel.invokeService(AbstractServiceTunnel.java:42)
	at org.eclipse.scout.rt.shared.servicetunnel.http.HttpServiceTunnel.invokeService(HttpServiceTunnel.java:202)
	at org.eclipse.scout.rt.shared.servicetunnel.ServiceTunnelProxyProducer.invoke(ServiceTunnelProxyProducer.java:43)
	at org.eclipse.scout.rt.platform.interceptor.DecoratingProxy.invokeImpl(DecoratingProxy.java:134)
	at org.eclipse.scout.rt.platform.interceptor.DecoratingProxy$P_InvocationHandler.invoke(DecoratingProxy.java:172)
	at com.sun.proxy.$Proxy49.getSuTTableData(Unknown Source)
	at nato.ivct.gui.client.sut.SuTTablePage.execLoadData(SuTTablePage.java:33)
	at org.eclipse.scout.rt.client.ui.desktop.outline.pages.AbstractPageWithTable$LocalPageWithTableExtension.execLoadData(AbstractPageWithTable.java:1054)
	at org.eclipse.scout.rt.client.extension.ui.desktop.outline.pages.PageWithTableChains$PageWithTableLoadDataChain$1.callMethod(PageWithTableChains.java:47)
	at org.eclipse.scout.rt.client.extension.ui.desktop.outline.pages.PageWithTableChains$PageWithTableLoadDataChain$1.callMethod(PageWithTableChains.java:1)
	at org.eclipse.scout.rt.shared.extension.AbstractExtensionChain.callChain(AbstractExtensionChain.java:121)
	at org.eclipse.scout.rt.client.extension.ui.desktop.outline.pages.PageWithTableChains$PageWithTableLoadDataChain.execLoadData(PageWithTableChains.java:50)
	at org.eclipse.scout.rt.client.extension.ui.desktop.outline.pages.AbstractPageWithTableExtension.execLoadData(AbstractPageWithTableExtension.java:35)
	at org.eclipse.scout.rt.client.extension.ui.desktop.outline.pages.PageWithTableChains$PageWithTableLoadDataChain$1.callMethod(PageWithTableChains.java:47)
	at org.eclipse.scout.rt.client.extension.ui.desktop.outline.pages.PageWithTableChains$PageWithTableLoadDataChain$1.callMethod(PageWithTableChains.java:1)
	at org.eclipse.scout.rt.shared.extension.AbstractExtensionChain.callChain(AbstractExtensionChain.java:121)
	at org.eclipse.scout.rt.client.extension.ui.desktop.outline.pages.PageWithTableChains$PageWithTableLoadDataChain.execLoadData(PageWithTableChains.java:50)
	at org.eclipse.scout.rt.client.ui.desktop.outline.pages.AbstractPageWithTable.interceptLoadData(AbstractPageWithTable.java:1019)
	at org.eclipse.scout.rt.client.ui.desktop.outline.pages.AbstractPageWithTable.execPopulateTable(AbstractPageWithTable.java:265)
	at org.eclipse.scout.rt.client.ui.desktop.outline.pages.AbstractPageWithTable$LocalPageWithTableExtension.execPopulateTable(AbstractPageWithTable.java:1064)
	at org.eclipse.scout.rt.client.extension.ui.desktop.outline.pages.PageWithTableChains$PageWithTablePopulateTableChain$1.callMethod(PageWithTableChains.java:82)
	at org.eclipse.scout.rt.client.extension.ui.desktop.outline.pages.PageWithTableChains$PageWithTablePopulateTableChain$1.callMethod(PageWithTableChains.java:1)
	at org.eclipse.scout.rt.shared.extension.AbstractExtensionChain.callChain(AbstractExtensionChain.java:121)
	at org.eclipse.scout.rt.client.extension.ui.desktop.outline.pages.PageWithTableChains$PageWithTablePopulateTableChain.execPopulateTable(PageWithTableChains.java:85)
	at org.eclipse.scout.rt.client.extension.ui.desktop.outline.pages.AbstractPageWithTableExtension.execPopulateTable(AbstractPageWithTableExtension.java:45)
	at org.eclipse.scout.rt.client.extension.ui.desktop.outline.pages.PageWithTableChains$PageWithTablePopulateTableChain$1.callMethod(PageWithTableChains.java:82)
	at org.eclipse.scout.rt.client.extension.ui.desktop.outline.pages.PageWithTableChains$PageWithTablePopulateTableChain$1.callMethod(PageWithTableChains.java:1)
	at org.eclipse.scout.rt.shared.extension.AbstractExtensionChain.callChain(AbstractExtensionChain.java:121)
	at org.eclipse.scout.rt.client.extension.ui.desktop.outline.pages.PageWithTableChains$PageWithTablePopulateTableChain.execPopulateTable(PageWithTableChains.java:85)
	at org.eclipse.scout.rt.client.ui.desktop.outline.pages.AbstractPageWithTable.interceptPopulateTable(AbstractPageWithTable.java:1031)
	at org.eclipse.scout.rt.client.ui.desktop.outline.pages.AbstractPageWithTable.loadTableDataImpl(AbstractPageWithTable.java:736)
	at org.eclipse.scout.rt.client.ui.desktop.outline.pages.AbstractPageWithTable.loadChildrenImpl(AbstractPageWithTable.java:795)
	at org.eclipse.scout.rt.client.ui.desktop.outline.pages.AbstractPage.loadChildren(AbstractPage.java:981)
	at org.eclipse.scout.rt.client.ui.basic.tree.AbstractTreeNode.ensureChildrenLoaded(AbstractTreeNode.java:1031)
	at org.eclipse.scout.rt.client.ui.desktop.outline.DefaultPageChangeStrategy.pageChanged(DefaultPageChangeStrategy.java:43)
	at org.eclipse.scout.rt.client.ui.desktop.outline.AbstractOutline.handleActivePageChanged(AbstractOutline.java:745)
	at org.eclipse.scout.rt.client.ui.desktop.outline.AbstractOutline.nodesSelectedInternal(AbstractOutline.java:735)
	at org.eclipse.scout.rt.client.ui.basic.tree.AbstractTree.fireNodesSelected(AbstractTree.java:2432)
	at org.eclipse.scout.rt.client.ui.basic.tree.AbstractTree.selectNodes(AbstractTree.java:2036)
	at org.eclipse.scout.rt.client.ui.basic.tree.AbstractTree$P_UIFacade.setNodesSelectedFromUI(AbstractTree.java:3014)
	at sun.reflect.NativeMethodAccessorImpl.invoke0(Native Method)
	at sun.reflect.NativeMethodAccessorImpl.invoke(NativeMethodAccessorImpl.java:62)
	at sun.reflect.DelegatingMethodAccessorImpl.invoke(DelegatingMethodAccessorImpl.java:43)
	at java.lang.reflect.Method.invoke(Method.java:498)
	at org.eclipse.scout.rt.client.ModelContextProxy$1$1.call(ModelContextProxy.java:60)
	at org.eclipse.scout.rt.platform.chain.callable.CallableChain$Chain.continueChain(CallableChain.java:227)
	at org.eclipse.scout.rt.platform.transaction.TransactionProcessor.runTxMandatory(TransactionProcessor.java:143)
	at org.eclipse.scout.rt.platform.transaction.TransactionProcessor.runTxRequired(TransactionProcessor.java:126)
	at org.eclipse.scout.rt.platform.transaction.TransactionProcessor.intercept(TransactionProcessor.java:71)
	at org.eclipse.scout.rt.platform.chain.callable.CallableChain$Chain.continueChain(CallableChain.java:222)
	at org.eclipse.scout.rt.platform.chain.callable.CallableChain.call(CallableChain.java:170)
	at org.eclipse.scout.rt.platform.context.RunContext.call(RunContext.java:156)
	at org.eclipse.scout.rt.client.ModelContextProxy$1.invoke(ModelContextProxy.java:56)
	at com.sun.proxy.$Proxy44.setNodesSelectedFromUI(Unknown Source)
	at org.eclipse.scout.rt.ui.html.json.tree.JsonTree.handleUiNodesSelected(JsonTree.java:917)
	at org.eclipse.scout.rt.ui.html.json.tree.JsonTree.handleUiEvent(JsonTree.java:870)
	at org.eclipse.scout.rt.ui.html.json.JsonEventProcessor.processEvent(JsonEventProcessor.java:52)
	at org.eclipse.scout.rt.ui.html.json.JsonEventProcessor.processEvents(JsonEventProcessor.java:37)
	at org.eclipse.scout.rt.ui.html.UiSession.processJsonRequestInternal(UiSession.java:772)
	at org.eclipse.scout.rt.ui.html.UiSession$6.run(UiSession.java:693)
	at org.eclipse.scout.rt.platform.util.concurrent.Callables$1.call(Callables.java:34)
	at org.eclipse.scout.rt.platform.util.concurrent.Callables$1.call(Callables.java:1)
	at org.eclipse.scout.rt.platform.chain.callable.CallableChain$Chain.continueChain(CallableChain.java:227)
	at org.eclipse.scout.rt.platform.job.internal.ExceptionProcessor.intercept(ExceptionProcessor.java:41)
	at org.eclipse.scout.rt.platform.chain.callable.CallableChain$Chain.continueChain(CallableChain.java:222)
	at org.eclipse.scout.rt.platform.context.RunContextRunner$1.call(RunContextRunner.java:42)
	at org.eclipse.scout.rt.platform.chain.callable.CallableChain$Chain.continueChain(CallableChain.java:227)
	at org.eclipse.scout.rt.platform.transaction.TransactionProcessor.runTxMandatory(TransactionProcessor.java:143)
	at org.eclipse.scout.rt.platform.transaction.TransactionProcessor.runTxRequired(TransactionProcessor.java:126)
	at org.eclipse.scout.rt.platform.transaction.TransactionProcessor.intercept(TransactionProcessor.java:71)
	at org.eclipse.scout.rt.platform.chain.callable.CallableChain$Chain.continueChain(CallableChain.java:222)
	at org.eclipse.scout.rt.platform.security.SubjectProcessor$1.run(SubjectProcessor.java:47)
	at java.security.AccessController.doPrivileged(Native Method)
	at javax.security.auth.Subject.doAs(Subject.java:422)
	at org.eclipse.scout.rt.platform.security.SubjectProcessor.intercept(SubjectProcessor.java:43)
	at org.eclipse.scout.rt.platform.chain.callable.CallableChain$Chain.continueChain(CallableChain.java:222)
	at org.eclipse.scout.rt.platform.chain.callable.CallableChain.call(CallableChain.java:170)
	at org.eclipse.scout.rt.platform.context.RunContext.call(RunContext.java:156)
	at org.eclipse.scout.rt.platform.context.RunContextRunner.intercept(RunContextRunner.java:38)
	at org.eclipse.scout.rt.platform.chain.callable.CallableChain$Chain.continueChain(CallableChain.java:222)
	at org.eclipse.scout.rt.platform.job.internal.CallableChainExceptionHandler.intercept(CallableChainExceptionHandler.java:21)
	at org.eclipse.scout.rt.platform.chain.callable.CallableChain$Chain.continueChain(CallableChain.java:222)
	at org.eclipse.scout.rt.platform.chain.callable.CallableChain.call(CallableChain.java:170)
	at org.eclipse.scout.rt.platform.job.internal.JobFutureTask$1.call(JobFutureTask.java:99)
	at java.util.concurrent.FutureTask.run(FutureTask.java:266)
	at org.eclipse.scout.rt.platform.job.internal.JobFutureTask.run(JobFutureTask.java:159)
	at java.util.concurrent.ThreadPoolExecutor.runWorker(ThreadPoolExecutor.java:1142)
	at java.util.concurrent.ThreadPoolExecutor$Worker.run(ThreadPoolExecutor.java:617)
	at java.lang.Thread.run(Thread.java:745)
	at org.eclipse.scout.rt.platform.job.internal.NamedThreadFactory$1.run(NamedThreadFactory.java:55)
2018-05-16 14:42:20,307 INFO  [http-bio-8080-exec-7] org.eclipse.scout.rt.ui.html.json.UnloadRequestHandler - Unloading UI session with ID 1:g5s6fp35kmherm1eiehkc8tlqd (requested by UI) - MDC[principal=admin, cid=aca8371d-c3d6-47b4-88d8-e7bf26d5df0f]
2018-05-16 14:42:20,311 INFO  [http-bio-8080-exec-7] org.eclipse.scout.rt.ui.html.UiSession - Disposing UI session with ID 1:g5s6fp35kmherm1eiehkc8tlqd... - MDC[principal=admin, cid=aca8371d-c3d6-47b4-88d8-e7bf26d5df0f]
2018-05-16 14:42:20,744 INFO  [http-bio-8080-exec-7] org.eclipse.scout.rt.ui.html.UiSession - Using cached client session [clientSessionId=18e9d1d9-7014-45fb-b499-09df25c93290] - MDC[principal=admin, cid=dX7cD6Mc3AB/1]
2018-05-16 14:42:20,750 INFO  [http-bio-8080-exec-7] org.eclipse.scout.rt.ui.html.UiSession - UiSession with ID 1:r99mstvft11gto6d14qjld6mtc initialized - MDC[principal=admin, cid=dX7cD6Mc3AB/1]
2018-05-16 14:42:20,750 INFO  [http-bio-8080-exec-7] org.eclipse.scout.rt.ui.html.json.JsonMessageRequestHandler - Created new UI session with ID 1:r99mstvft11gto6d14qjld6mtc in 6.990700 ms [maxIdleTime=14400s, httpSession.maxInactiveInterval=300s] - MDC[principal=admin, cid=dX7cD6Mc3AB/1]
2018-05-16 14:42:31,018 ERROR [scout-model-thread-21] org.eclipse.scout.rt.platform.exception.ExceptionHandler -  - MDC[principal=admin, uiSession=1:r99mstvft11gto6d14qjld6mtc, scoutSession=18e9d1d9-7014-45fb-b499-09df25c93290, jobName=Processing JSON request, cid=Gv2bB8TM6EB/3]
org.eclipse.scout.rt.platform.exception.ProcessingException: Processing error [severity=ERROR, user=admin, remote-service.name=nato.ivct.gui.shared.cb.ICbService, remote-service.operation=getCbTableData]
	at org.eclipse.scout.rt.shared.servicetunnel.AbstractServiceTunnel.invokeService(AbstractServiceTunnel.java:66)
	at org.eclipse.scout.rt.shared.servicetunnel.AbstractServiceTunnel.invokeService(AbstractServiceTunnel.java:42)
	at org.eclipse.scout.rt.shared.servicetunnel.http.HttpServiceTunnel.invokeService(HttpServiceTunnel.java:202)
	at org.eclipse.scout.rt.shared.servicetunnel.ServiceTunnelProxyProducer.invoke(ServiceTunnelProxyProducer.java:43)
	at org.eclipse.scout.rt.platform.interceptor.DecoratingProxy.invokeImpl(DecoratingProxy.java:134)
	at org.eclipse.scout.rt.platform.interceptor.DecoratingProxy$P_InvocationHandler.invoke(DecoratingProxy.java:172)
	at com.sun.proxy.$Proxy51.getCbTableData(Unknown Source)
	at nato.ivct.gui.client.cb.CbTablePage.execLoadData(CbTablePage.java:31)
	at org.eclipse.scout.rt.client.ui.desktop.outline.pages.AbstractPageWithTable$LocalPageWithTableExtension.execLoadData(AbstractPageWithTable.java:1054)
	at org.eclipse.scout.rt.client.extension.ui.desktop.outline.pages.PageWithTableChains$PageWithTableLoadDataChain$1.callMethod(PageWithTableChains.java:47)
	at org.eclipse.scout.rt.client.extension.ui.desktop.outline.pages.PageWithTableChains$PageWithTableLoadDataChain$1.callMethod(PageWithTableChains.java:1)
	at org.eclipse.scout.rt.shared.extension.AbstractExtensionChain.callChain(AbstractExtensionChain.java:121)
	at org.eclipse.scout.rt.client.extension.ui.desktop.outline.pages.PageWithTableChains$PageWithTableLoadDataChain.execLoadData(PageWithTableChains.java:50)
	at org.eclipse.scout.rt.client.extension.ui.desktop.outline.pages.AbstractPageWithTableExtension.execLoadData(AbstractPageWithTableExtension.java:35)
	at org.eclipse.scout.rt.client.extension.ui.desktop.outline.pages.PageWithTableChains$PageWithTableLoadDataChain$1.callMethod(PageWithTableChains.java:47)
	at org.eclipse.scout.rt.client.extension.ui.desktop.outline.pages.PageWithTableChains$PageWithTableLoadDataChain$1.callMethod(PageWithTableChains.java:1)
	at org.eclipse.scout.rt.shared.extension.AbstractExtensionChain.callChain(AbstractExtensionChain.java:121)
	at org.eclipse.scout.rt.client.extension.ui.desktop.outline.pages.PageWithTableChains$PageWithTableLoadDataChain.execLoadData(PageWithTableChains.java:50)
	at org.eclipse.scout.rt.client.ui.desktop.outline.pages.AbstractPageWithTable.interceptLoadData(AbstractPageWithTable.java:1019)
	at org.eclipse.scout.rt.client.ui.desktop.outline.pages.AbstractPageWithTable.execPopulateTable(AbstractPageWithTable.java:265)
	at org.eclipse.scout.rt.client.ui.desktop.outline.pages.AbstractPageWithTable$LocalPageWithTableExtension.execPopulateTable(AbstractPageWithTable.java:1064)
	at org.eclipse.scout.rt.client.extension.ui.desktop.outline.pages.PageWithTableChains$PageWithTablePopulateTableChain$1.callMethod(PageWithTableChains.java:82)
	at org.eclipse.scout.rt.client.extension.ui.desktop.outline.pages.PageWithTableChains$PageWithTablePopulateTableChain$1.callMethod(PageWithTableChains.java:1)
	at org.eclipse.scout.rt.shared.extension.AbstractExtensionChain.callChain(AbstractExtensionChain.java:121)
	at org.eclipse.scout.rt.client.extension.ui.desktop.outline.pages.PageWithTableChains$PageWithTablePopulateTableChain.execPopulateTable(PageWithTableChains.java:85)
	at org.eclipse.scout.rt.client.extension.ui.desktop.outline.pages.AbstractPageWithTableExtension.execPopulateTable(AbstractPageWithTableExtension.java:45)
	at org.eclipse.scout.rt.client.extension.ui.desktop.outline.pages.PageWithTableChains$PageWithTablePopulateTableChain$1.callMethod(PageWithTableChains.java:82)
	at org.eclipse.scout.rt.client.extension.ui.desktop.outline.pages.PageWithTableChains$PageWithTablePopulateTableChain$1.callMethod(PageWithTableChains.java:1)
	at org.eclipse.scout.rt.shared.extension.AbstractExtensionChain.callChain(AbstractExtensionChain.java:121)
	at org.eclipse.scout.rt.client.extension.ui.desktop.outline.pages.PageWithTableChains$PageWithTablePopulateTableChain.execPopulateTable(PageWithTableChains.java:85)
	at org.eclipse.scout.rt.client.ui.desktop.outline.pages.AbstractPageWithTable.interceptPopulateTable(AbstractPageWithTable.java:1031)
	at org.eclipse.scout.rt.client.ui.desktop.outline.pages.AbstractPageWithTable.loadTableDataImpl(AbstractPageWithTable.java:736)
	at org.eclipse.scout.rt.client.ui.desktop.outline.pages.AbstractPageWithTable.loadChildrenImpl(AbstractPageWithTable.java:795)
	at org.eclipse.scout.rt.client.ui.desktop.outline.pages.AbstractPage.loadChildren(AbstractPage.java:981)
	at org.eclipse.scout.rt.client.ui.basic.tree.AbstractTreeNode.ensureChildrenLoaded(AbstractTreeNode.java:1031)
	at org.eclipse.scout.rt.client.ui.desktop.outline.DefaultPageChangeStrategy.pageChanged(DefaultPageChangeStrategy.java:43)
	at org.eclipse.scout.rt.client.ui.desktop.outline.AbstractOutline.handleActivePageChanged(AbstractOutline.java:745)
	at org.eclipse.scout.rt.client.ui.desktop.outline.AbstractOutline.nodesSelectedInternal(AbstractOutline.java:735)
	at org.eclipse.scout.rt.client.ui.basic.tree.AbstractTree.fireNodesSelected(AbstractTree.java:2432)
	at org.eclipse.scout.rt.client.ui.basic.tree.AbstractTree.selectNodes(AbstractTree.java:2036)
	at org.eclipse.scout.rt.client.ui.basic.tree.AbstractTree$P_UIFacade.setNodesSelectedFromUI(AbstractTree.java:3014)
	at sun.reflect.NativeMethodAccessorImpl.invoke0(Native Method)
	at sun.reflect.NativeMethodAccessorImpl.invoke(NativeMethodAccessorImpl.java:62)
	at sun.reflect.DelegatingMethodAccessorImpl.invoke(DelegatingMethodAccessorImpl.java:43)
	at java.lang.reflect.Method.invoke(Method.java:498)
	at org.eclipse.scout.rt.client.ModelContextProxy$1$1.call(ModelContextProxy.java:60)
	at org.eclipse.scout.rt.platform.chain.callable.CallableChain$Chain.continueChain(CallableChain.java:227)
	at org.eclipse.scout.rt.platform.transaction.TransactionProcessor.runTxMandatory(TransactionProcessor.java:143)
	at org.eclipse.scout.rt.platform.transaction.TransactionProcessor.runTxRequired(TransactionProcessor.java:126)
	at org.eclipse.scout.rt.platform.transaction.TransactionProcessor.intercept(TransactionProcessor.java:71)
	at org.eclipse.scout.rt.platform.chain.callable.CallableChain$Chain.continueChain(CallableChain.java:222)
	at org.eclipse.scout.rt.platform.chain.callable.CallableChain.call(CallableChain.java:170)
	at org.eclipse.scout.rt.platform.context.RunContext.call(RunContext.java:156)
	at org.eclipse.scout.rt.client.ModelContextProxy$1.invoke(ModelContextProxy.java:56)
	at com.sun.proxy.$Proxy44.setNodesSelectedFromUI(Unknown Source)
	at org.eclipse.scout.rt.ui.html.json.tree.JsonTree.handleUiNodesSelected(JsonTree.java:917)
	at org.eclipse.scout.rt.ui.html.json.tree.JsonTree.handleUiEvent(JsonTree.java:870)
	at org.eclipse.scout.rt.ui.html.json.JsonEventProcessor.processEvent(JsonEventProcessor.java:52)
	at org.eclipse.scout.rt.ui.html.json.JsonEventProcessor.processEvents(JsonEventProcessor.java:37)
	at org.eclipse.scout.rt.ui.html.UiSession.processJsonRequestInternal(UiSession.java:772)
	at org.eclipse.scout.rt.ui.html.UiSession$6.run(UiSession.java:693)
	at org.eclipse.scout.rt.platform.util.concurrent.Callables$1.call(Callables.java:34)
	at org.eclipse.scout.rt.platform.util.concurrent.Callables$1.call(Callables.java:1)
	at org.eclipse.scout.rt.platform.chain.callable.CallableChain$Chain.continueChain(CallableChain.java:227)
	at org.eclipse.scout.rt.platform.job.internal.ExceptionProcessor.intercept(ExceptionProcessor.java:41)
	at org.eclipse.scout.rt.platform.chain.callable.CallableChain$Chain.continueChain(CallableChain.java:222)
	at org.eclipse.scout.rt.platform.context.RunContextRunner$1.call(RunContextRunner.java:42)
	at org.eclipse.scout.rt.platform.chain.callable.CallableChain$Chain.continueChain(CallableChain.java:227)
	at org.eclipse.scout.rt.platform.transaction.TransactionProcessor.runTxMandatory(TransactionProcessor.java:143)
	at org.eclipse.scout.rt.platform.transaction.TransactionProcessor.runTxRequired(TransactionProcessor.java:126)
	at org.eclipse.scout.rt.platform.transaction.TransactionProcessor.intercept(TransactionProcessor.java:71)
	at org.eclipse.scout.rt.platform.chain.callable.CallableChain$Chain.continueChain(CallableChain.java:222)
	at org.eclipse.scout.rt.platform.security.SubjectProcessor$1.run(SubjectProcessor.java:47)
	at java.security.AccessController.doPrivileged(Native Method)
	at javax.security.auth.Subject.doAs(Subject.java:422)
	at org.eclipse.scout.rt.platform.security.SubjectProcessor.intercept(SubjectProcessor.java:43)
	at org.eclipse.scout.rt.platform.chain.callable.CallableChain$Chain.continueChain(CallableChain.java:222)
	at org.eclipse.scout.rt.platform.chain.callable.CallableChain.call(CallableChain.java:170)
	at org.eclipse.scout.rt.platform.context.RunContext.call(RunContext.java:156)
	at org.eclipse.scout.rt.platform.context.RunContextRunner.intercept(RunContextRunner.java:38)
	at org.eclipse.scout.rt.platform.chain.callable.CallableChain$Chain.continueChain(CallableChain.java:222)
	at org.eclipse.scout.rt.platform.job.internal.CallableChainExceptionHandler.intercept(CallableChainExceptionHandler.java:21)
	at org.eclipse.scout.rt.platform.chain.callable.CallableChain$Chain.continueChain(CallableChain.java:222)
	at org.eclipse.scout.rt.platform.chain.callable.CallableChain.call(CallableChain.java:170)
	at org.eclipse.scout.rt.platform.job.internal.JobFutureTask$1.call(JobFutureTask.java:99)
	at java.util.concurrent.FutureTask.run(FutureTask.java:266)
	at org.eclipse.scout.rt.platform.job.internal.JobFutureTask.run(JobFutureTask.java:159)
	at java.util.concurrent.ThreadPoolExecutor.runWorker(ThreadPoolExecutor.java:1142)
	at java.util.concurrent.ThreadPoolExecutor$Worker.run(ThreadPoolExecutor.java:617)
	at java.lang.Thread.run(Thread.java:745)
	at org.eclipse.scout.rt.platform.job.internal.NamedThreadFactory$1.run(NamedThreadFactory.java:55)
2018-05-16 15:16:53,226 INFO  [Thread-5] org.eclipse.scout.rt.platform.config.PropertiesHelper - Reading properties from file:/C:/Users/hameetepa/Projects/IVCT-AAS/IVCT_Docker/context-tomcat/application/webapps/nato.ivct.gui.nato.ivct.gui.ui.html/WEB-INF/classes/config.properties using org.eclipse.scout.rt.platform.config.DefaultConfigFileLoader - MDC[]
2018-05-16 15:16:53,241 INFO  [Thread-5] org.eclipse.scout.rt.platform.internal.PlatformImplementor - Headless mode: scout.headless=true, java.awt.headless=true, GraphicsEnvironment.isHeadless()=true - MDC[]
2018-05-16 15:16:53,257 INFO  [Thread-5] org.eclipse.scout.rt.platform.inventory.ClassInventory - Building jandex class inventory using rebuild strategy IF_MISSING... - MDC[]
2018-05-16 15:16:53,419 INFO  [Thread-5] org.eclipse.scout.rt.platform.inventory.ClassInventory - Finished building jandex class inventory in 174.178434 ms. Total class count: 3845 - MDC[]
2018-05-16 15:16:53,761 INFO  [Thread-5] org.eclipse.scout.rt.platform.internal.PlatformImplementor - Collected 251 beans in 340.255120 ms - MDC[]
2018-05-16 15:16:53,795 INFO  [Thread-5] org.eclipse.scout.rt.platform.internal.PlatformImplementor - Registered 251 beans in 33.365187 ms - MDC[]
2018-05-16 15:16:53,808 INFO  [Thread-5] org.eclipse.scout.rt.platform.logger.LoggerPlatformListener - Registered logger support org.eclipse.scout.rt.platform.logger.LogbackLoggerSupport - MDC[]
2018-05-16 15:16:53,817 INFO  [Thread-5] org.eclipse.scout.rt.shared.services.common.code.CodeTypeRegistrator - 2 code type classes registered. - MDC[]
2018-05-16 15:16:53,835 INFO  [Thread-5] org.eclipse.scout.rt.shared.servicetunnel.RegisterTunnelToServerPlatformListener - Tunnel to server proxies registered. - MDC[]
2018-05-16 15:16:54,037 INFO  [Thread-5] org.eclipse.scout.rt.ui.html.res.PrebuildFiles - Pre-building of web resources is enabled - MDC[]
2018-05-16 15:16:54,038 INFO  [Thread-5] org.eclipse.scout.rt.ui.html.res.PrebuildFiles - Pre-building resource '/index.html'... - MDC[]
2018-05-16 15:16:54,041 INFO  [Thread-5] org.eclipse.scout.rt.ui.html.UiThemeUtility - UI theme configured in config.properties: application - MDC[]
2018-05-16 15:16:54,099 INFO  [Thread-5] org.eclipse.scout.rt.ui.html.script.ScriptFileBuilder - Building script ScriptSource[requestPath=res/nato.ivct.gui-all-macro.less, url=jar:file:/C:/Users/hameetepa/Projects/IVCT-AAS/IVCT_Docker/context-tomcat/application/webapps/nato.ivct.gui.nato.ivct.gui.ui.html/WEB-INF/lib/nato.ivct.gui.ui.html-1.0.0-SNAPSHOT.jar!/WebContent/res/nato.ivct.gui-all-macro.less, fileType=STYLESHEET, nodeType=MACRO] theme=application m_minify=true - MDC[]
2018-05-16 15:17:01,768 INFO  [Thread-5] org.eclipse.scout.rt.ui.html.script.ScriptFileBuilder - Building script ScriptSource[requestPath=res/jquery-all-macro.js, url=jar:file:/C:/Users/hameetepa/Projects/IVCT-AAS/IVCT_Docker/context-tomcat/application/webapps/nato.ivct.gui.nato.ivct.gui.ui.html/WEB-INF/lib/org.eclipse.scout.rt.ui.html-7.0.100.017_Oxygen_1.jar!/WebContent/res/jquery-all-macro.js, fileType=JS, nodeType=MACRO] theme=application m_minify=true - MDC[]
2018-05-16 15:17:02,185 INFO  [Thread-5] org.eclipse.scout.rt.ui.html.script.ScriptFileBuilder - Building script ScriptSource[requestPath=res/nato.ivct.gui-all-macro.js, url=jar:file:/C:/Users/hameetepa/Projects/IVCT-AAS/IVCT_Docker/context-tomcat/application/webapps/nato.ivct.gui.nato.ivct.gui.ui.html/WEB-INF/lib/nato.ivct.gui.ui.html-1.0.0-SNAPSHOT.jar!/WebContent/res/nato.ivct.gui-all-macro.js, fileType=JS, nodeType=MACRO] theme=application m_minify=true - MDC[]
2018-05-16 15:17:08,328 INFO  [Thread-5] org.eclipse.scout.rt.ui.html.script.ScriptFileBuilder - Building script ScriptSource[requestPath=res/index.js, url=jar:file:/C:/Users/hameetepa/Projects/IVCT-AAS/IVCT_Docker/context-tomcat/application/webapps/nato.ivct.gui.nato.ivct.gui.ui.html/WEB-INF/lib/nato.ivct.gui.ui.html-1.0.0-SNAPSHOT.jar!/WebContent/res/index.js, fileType=JS, nodeType=LIBRARY] theme=application m_minify=true - MDC[]
2018-05-16 15:17:08,336 INFO  [Thread-5] org.eclipse.scout.rt.ui.html.res.PrebuildFiles - Pre-building resource '/login.html'... - MDC[]
2018-05-16 15:17:08,340 INFO  [Thread-5] org.eclipse.scout.rt.ui.html.script.ScriptFileBuilder - Building script ScriptSource[requestPath=res/scout-login-module.less, url=jar:file:/C:/Users/hameetepa/Projects/IVCT-AAS/IVCT_Docker/context-tomcat/application/webapps/nato.ivct.gui.nato.ivct.gui.ui.html/WEB-INF/lib/org.eclipse.scout.rt.ui.html-7.0.100.017_Oxygen_1.jar!/scout-login-module.less, fileType=STYLESHEET, nodeType=SRC_MODULE] theme=application m_minify=true - MDC[]
2018-05-16 15:17:09,443 INFO  [Thread-5] org.eclipse.scout.rt.ui.html.script.ScriptFileBuilder - Building script ScriptSource[requestPath=res/scout-login-module.js, url=jar:file:/C:/Users/hameetepa/Projects/IVCT-AAS/IVCT_Docker/context-tomcat/application/webapps/nato.ivct.gui.nato.ivct.gui.ui.html/WEB-INF/lib/org.eclipse.scout.rt.ui.html-7.0.100.017_Oxygen_1.jar!/scout-login-module.js, fileType=JS, nodeType=SRC_MODULE] theme=application m_minify=true - MDC[]
2018-05-16 15:17:09,674 INFO  [Thread-5] org.eclipse.scout.rt.ui.html.script.ScriptFileBuilder - Building script ScriptSource[requestPath=res/login.js, url=jar:file:/C:/Users/hameetepa/Projects/IVCT-AAS/IVCT_Docker/context-tomcat/application/webapps/nato.ivct.gui.nato.ivct.gui.ui.html/WEB-INF/lib/nato.ivct.gui.ui.html-1.0.0-SNAPSHOT.jar!/WebContent/res/login.js, fileType=JS, nodeType=LIBRARY] theme=application m_minify=true - MDC[]
2018-05-16 15:17:09,676 INFO  [Thread-5] org.eclipse.scout.rt.ui.html.res.PrebuildFiles - Pre-building resource '/logout.html'... - MDC[]
2018-05-16 15:17:09,679 INFO  [Thread-5] org.eclipse.scout.rt.ui.html.script.ScriptFileBuilder - Building script ScriptSource[requestPath=res/logout.js, url=jar:file:/C:/Users/hameetepa/Projects/IVCT-AAS/IVCT_Docker/context-tomcat/application/webapps/nato.ivct.gui.nato.ivct.gui.ui.html/WEB-INF/lib/nato.ivct.gui.ui.html-1.0.0-SNAPSHOT.jar!/WebContent/res/logout.js, fileType=JS, nodeType=LIBRARY] theme=application m_minify=true - MDC[]
2018-05-16 15:17:09,680 INFO  [Thread-5] org.eclipse.scout.rt.ui.html.res.PrebuildFiles - Pre-building resource '/popup-window.html'... - MDC[]
2018-05-16 15:17:09,684 INFO  [Thread-5] org.eclipse.scout.rt.ui.html.script.ScriptFileBuilder - Building script ScriptSource[requestPath=res/popup-window.js, url=jar:file:/C:/Users/hameetepa/Projects/IVCT-AAS/IVCT_Docker/context-tomcat/application/webapps/nato.ivct.gui.nato.ivct.gui.ui.html/WEB-INF/lib/nato.ivct.gui.ui.html-1.0.0-SNAPSHOT.jar!/WebContent/res/popup-window.js, fileType=JS, nodeType=LIBRARY] theme=application m_minify=true - MDC[]
2018-05-16 15:17:09,686 INFO  [Thread-5] org.eclipse.scout.rt.ui.html.res.PrebuildFiles - Finished pre-building of 4 web resources in 15648.177657 ms - MDC[]
2018-05-16 15:18:41,736 INFO  [Thread-5] org.eclipse.scout.rt.platform.config.PropertiesHelper - Reading properties from file:/C:/Users/hameetepa/Projects/IVCT-AAS/IVCT_Docker/context-tomcat/application/webapps/nato.ivct.gui.nato.ivct.gui.ui.html/WEB-INF/classes/config.properties using org.eclipse.scout.rt.platform.config.DefaultConfigFileLoader - MDC[]
2018-05-16 15:18:41,750 INFO  [Thread-5] org.eclipse.scout.rt.platform.internal.PlatformImplementor - Headless mode: scout.headless=true, java.awt.headless=true, GraphicsEnvironment.isHeadless()=true - MDC[]
2018-05-16 15:18:41,767 INFO  [Thread-5] org.eclipse.scout.rt.platform.inventory.ClassInventory - Building jandex class inventory using rebuild strategy IF_MISSING... - MDC[]
2018-05-16 15:18:41,914 INFO  [Thread-5] org.eclipse.scout.rt.platform.inventory.ClassInventory - Finished building jandex class inventory in 158.506451 ms. Total class count: 3845 - MDC[]
2018-05-16 15:18:42,281 INFO  [Thread-5] org.eclipse.scout.rt.platform.internal.PlatformImplementor - Collected 251 beans in 365.188286 ms - MDC[]
2018-05-16 15:18:42,318 INFO  [Thread-5] org.eclipse.scout.rt.platform.internal.PlatformImplementor - Registered 251 beans in 37.909454 ms - MDC[]
2018-05-16 15:18:42,333 INFO  [Thread-5] org.eclipse.scout.rt.platform.logger.LoggerPlatformListener - Registered logger support org.eclipse.scout.rt.platform.logger.LogbackLoggerSupport - MDC[]
2018-05-16 15:18:42,343 INFO  [Thread-5] org.eclipse.scout.rt.shared.services.common.code.CodeTypeRegistrator - 2 code type classes registered. - MDC[]
2018-05-16 15:18:42,361 INFO  [Thread-5] org.eclipse.scout.rt.shared.servicetunnel.RegisterTunnelToServerPlatformListener - Tunnel to server proxies registered. - MDC[]
2018-05-16 15:18:42,572 INFO  [Thread-5] org.eclipse.scout.rt.ui.html.res.PrebuildFiles - Pre-building of web resources is enabled - MDC[]
2018-05-16 15:18:42,573 INFO  [Thread-5] org.eclipse.scout.rt.ui.html.res.PrebuildFiles - Pre-building resource '/index.html'... - MDC[]
2018-05-16 15:18:42,575 INFO  [Thread-5] org.eclipse.scout.rt.ui.html.UiThemeUtility - UI theme configured in config.properties: application - MDC[]
2018-05-16 15:18:42,630 INFO  [Thread-5] org.eclipse.scout.rt.ui.html.script.ScriptFileBuilder - Building script ScriptSource[requestPath=res/nato.ivct.gui-all-macro.less, url=jar:file:/C:/Users/hameetepa/Projects/IVCT-AAS/IVCT_Docker/context-tomcat/application/webapps/nato.ivct.gui.nato.ivct.gui.ui.html/WEB-INF/lib/nato.ivct.gui.ui.html-1.0.0-SNAPSHOT.jar!/WebContent/res/nato.ivct.gui-all-macro.less, fileType=STYLESHEET, nodeType=MACRO] theme=application m_minify=true - MDC[]
2018-05-16 15:18:50,417 INFO  [Thread-5] org.eclipse.scout.rt.ui.html.script.ScriptFileBuilder - Building script ScriptSource[requestPath=res/jquery-all-macro.js, url=jar:file:/C:/Users/hameetepa/Projects/IVCT-AAS/IVCT_Docker/context-tomcat/application/webapps/nato.ivct.gui.nato.ivct.gui.ui.html/WEB-INF/lib/org.eclipse.scout.rt.ui.html-7.0.100.017_Oxygen_1.jar!/WebContent/res/jquery-all-macro.js, fileType=JS, nodeType=MACRO] theme=application m_minify=true - MDC[]
2018-05-16 15:18:50,817 INFO  [Thread-5] org.eclipse.scout.rt.ui.html.script.ScriptFileBuilder - Building script ScriptSource[requestPath=res/nato.ivct.gui-all-macro.js, url=jar:file:/C:/Users/hameetepa/Projects/IVCT-AAS/IVCT_Docker/context-tomcat/application/webapps/nato.ivct.gui.nato.ivct.gui.ui.html/WEB-INF/lib/nato.ivct.gui.ui.html-1.0.0-SNAPSHOT.jar!/WebContent/res/nato.ivct.gui-all-macro.js, fileType=JS, nodeType=MACRO] theme=application m_minify=true - MDC[]
2018-05-16 15:18:56,830 INFO  [Thread-5] org.eclipse.scout.rt.ui.html.script.ScriptFileBuilder - Building script ScriptSource[requestPath=res/index.js, url=jar:file:/C:/Users/hameetepa/Projects/IVCT-AAS/IVCT_Docker/context-tomcat/application/webapps/nato.ivct.gui.nato.ivct.gui.ui.html/WEB-INF/lib/nato.ivct.gui.ui.html-1.0.0-SNAPSHOT.jar!/WebContent/res/index.js, fileType=JS, nodeType=LIBRARY] theme=application m_minify=true - MDC[]
2018-05-16 15:18:56,840 INFO  [Thread-5] org.eclipse.scout.rt.ui.html.res.PrebuildFiles - Pre-building resource '/login.html'... - MDC[]
2018-05-16 15:18:56,844 INFO  [Thread-5] org.eclipse.scout.rt.ui.html.script.ScriptFileBuilder - Building script ScriptSource[requestPath=res/scout-login-module.less, url=jar:file:/C:/Users/hameetepa/Projects/IVCT-AAS/IVCT_Docker/context-tomcat/application/webapps/nato.ivct.gui.nato.ivct.gui.ui.html/WEB-INF/lib/org.eclipse.scout.rt.ui.html-7.0.100.017_Oxygen_1.jar!/scout-login-module.less, fileType=STYLESHEET, nodeType=SRC_MODULE] theme=application m_minify=true - MDC[]
2018-05-16 15:18:57,808 INFO  [Thread-5] org.eclipse.scout.rt.ui.html.script.ScriptFileBuilder - Building script ScriptSource[requestPath=res/scout-login-module.js, url=jar:file:/C:/Users/hameetepa/Projects/IVCT-AAS/IVCT_Docker/context-tomcat/application/webapps/nato.ivct.gui.nato.ivct.gui.ui.html/WEB-INF/lib/org.eclipse.scout.rt.ui.html-7.0.100.017_Oxygen_1.jar!/scout-login-module.js, fileType=JS, nodeType=SRC_MODULE] theme=application m_minify=true - MDC[]
2018-05-16 15:18:58,037 INFO  [Thread-5] org.eclipse.scout.rt.ui.html.script.ScriptFileBuilder - Building script ScriptSource[requestPath=res/login.js, url=jar:file:/C:/Users/hameetepa/Projects/IVCT-AAS/IVCT_Docker/context-tomcat/application/webapps/nato.ivct.gui.nato.ivct.gui.ui.html/WEB-INF/lib/nato.ivct.gui.ui.html-1.0.0-SNAPSHOT.jar!/WebContent/res/login.js, fileType=JS, nodeType=LIBRARY] theme=application m_minify=true - MDC[]
2018-05-16 15:18:58,038 INFO  [Thread-5] org.eclipse.scout.rt.ui.html.res.PrebuildFiles - Pre-building resource '/logout.html'... - MDC[]
2018-05-16 15:18:58,042 INFO  [Thread-5] org.eclipse.scout.rt.ui.html.script.ScriptFileBuilder - Building script ScriptSource[requestPath=res/logout.js, url=jar:file:/C:/Users/hameetepa/Projects/IVCT-AAS/IVCT_Docker/context-tomcat/application/webapps/nato.ivct.gui.nato.ivct.gui.ui.html/WEB-INF/lib/nato.ivct.gui.ui.html-1.0.0-SNAPSHOT.jar!/WebContent/res/logout.js, fileType=JS, nodeType=LIBRARY] theme=application m_minify=true - MDC[]
2018-05-16 15:18:58,043 INFO  [Thread-5] org.eclipse.scout.rt.ui.html.res.PrebuildFiles - Pre-building resource '/popup-window.html'... - MDC[]
2018-05-16 15:18:58,045 INFO  [Thread-5] org.eclipse.scout.rt.ui.html.script.ScriptFileBuilder - Building script ScriptSource[requestPath=res/popup-window.js, url=jar:file:/C:/Users/hameetepa/Projects/IVCT-AAS/IVCT_Docker/context-tomcat/application/webapps/nato.ivct.gui.nato.ivct.gui.ui.html/WEB-INF/lib/nato.ivct.gui.ui.html-1.0.0-SNAPSHOT.jar!/WebContent/res/popup-window.js, fileType=JS, nodeType=LIBRARY] theme=application m_minify=true - MDC[]
2018-05-16 15:18:58,047 INFO  [Thread-5] org.eclipse.scout.rt.ui.html.res.PrebuildFiles - Finished pre-building of 4 web resources in 15474.199364 ms - MDC[]
